This file contains any messages produced by compilers while
running configure, to aid debugging if configure makes a mistake.

It was created by biOps configure 0.2, which was
generated by GNU Autoconf 2.61.  Invocation command line was

  $ ./configure 

## --------- ##
## Platform. ##
## --------- ##

hostname = VM-167-147-ubuntu
uname -m = x86_64
uname -r = 4.4.0-137-generic
uname -s = Linux
uname -v = #163-Ubuntu SMP Mon Sep 24 13:14:43 UTC 2018

/usr/bin/uname -p = unknown
/bin/uname -X     = unknown

/bin/arch              = unknown
/usr/bin/arch -k       = unknown
/usr/convex/getsysinfo = unknown
/usr/bin/hostinfo      = unknown
/bin/machine           = unknown
/usr/bin/oslevel       = unknown
/bin/universe          = unknown

PATH: /usr/local/sbin
PATH: /usr/local/bin
PATH: /usr/sbin
PATH: /usr/bin
PATH: /sbin
PATH: /bin


## ----------- ##
## Core tests. ##
## ----------- ##

configure:1749: checking for gcc
configure:1776: result: gcc -std=gnu99
configure:2014: checking for C compiler version
configure:2021: gcc -std=gnu99 --version >&5
gcc (Ubuntu 5.4.0-6ubuntu1~16.04.10) 5.4.0 20160609
Copyright (C) 2015 Free Software Foundation, Inc.
This is free software; see the source for copying conditions.  There is NO
warranty; not even for MERCHANTABILITY or FITNESS FOR A PARTICULAR PURPOSE.

configure:2024: $? = 0
configure:2031: gcc -std=gnu99 -v >&5
Using built-in specs.
COLLECT_GCC=gcc
COLLECT_LTO_WRAPPER=/usr/lib/gcc/x86_64-linux-gnu/5/lto-wrapper
Target: x86_64-linux-gnu
Configured with: ../src/configure -v --with-pkgversion='Ubuntu 5.4.0-6ubuntu1~16.04.10' --with-bugurl=file:///usr/share/doc/gcc-5/README.Bugs --enable-languages=c,ada,c++,java,go,d,fortran,objc,obj-c++ --prefix=/usr --program-suffix=-5 --enable-shared --enable-linker-build-id --libexecdir=/usr/lib --without-included-gettext --enable-threads=posix --libdir=/usr/lib --enable-nls --with-sysroot=/ --enable-clocale=gnu --enable-libstdcxx-debug --enable-libstdcxx-time=yes --with-default-libstdcxx-abi=new --enable-gnu-unique-object --disable-vtable-verify --enable-libmpx --enable-plugin --with-system-zlib --disable-browser-plugin --enable-java-awt=gtk --enable-gtk-cairo --with-java-home=/usr/lib/jvm/java-1.5.0-gcj-5-amd64/jre --enable-java-home --with-jvm-root-dir=/usr/lib/jvm/java-1.5.0-gcj-5-amd64 --with-jvm-jar-dir=/usr/lib/jvm-exports/java-1.5.0-gcj-5-amd64 --with-arch-directory=amd64 --with-ecj-jar=/usr/share/java/eclipse-ecj.jar --enable-objc-gc --enable-multiarch --disable-werror --with-arch-32=i686 --with-abi=m64 --with-multilib-list=m32,m64,mx32 --enable-multilib --with-tune=generic --enable-checking=release --build=x86_64-linux-gnu --host=x86_64-linux-gnu --target=x86_64-linux-gnu
Thread model: posix
gcc version 5.4.0 20160609 (Ubuntu 5.4.0-6ubuntu1~16.04.10) 
configure:2034: $? = 0
configure:2041: gcc -std=gnu99 -V >&5
gcc: error: unrecognized command line option '-V'
gcc: fatal error: no input files
compilation terminated.
configure:2044: $? = 1
configure:2067: checking for C compiler default output file name
configure:2094: gcc -std=gnu99    conftest.c  >&5
configure:2097: $? = 0
configure:2135: result: a.out
configure:2152: checking whether the C compiler works
configure:2162: ./a.out
configure:2165: $? = 0
configure:2182: result: yes
configure:2189: checking whether we are cross compiling
configure:2191: result: no
configure:2194: checking for suffix of executables
configure:2201: gcc -std=gnu99 -o conftest    conftest.c  >&5
configure:2204: $? = 0
configure:2228: result: 
configure:2234: checking for suffix of object files
configure:2260: gcc -std=gnu99 -c   conftest.c >&5
configure:2263: $? = 0
configure:2286: result: o
configure:2290: checking whether we are using the GNU C compiler
configure:2319: gcc -std=gnu99 -c   conftest.c >&5
configure:2325: $? = 0
configure:2342: result: yes
configure:2347: checking whether gcc -std=gnu99 accepts -g
configure:2377: gcc -std=gnu99 -c -g  conftest.c >&5
configure:2383: $? = 0
configure:2482: result: yes
configure:2499: checking for gcc -std=gnu99 option to accept ISO C89
configure:2573: gcc -std=gnu99  -c -g -O2  conftest.c >&5
configure:2579: $? = 0
configure:2602: result: none needed
configure:2624: checking for TIFFOpen in -ltiff
configure:2659: gcc -std=gnu99 -o conftest -g -O2   conftest.c -ltiff   >&5
configure:2665: $? = 0
configure:2683: result: yes
configure:2691: checking for jpeg_destroy_compress in -ljpeg
configure:2726: gcc -std=gnu99 -o conftest -g -O2   conftest.c -ljpeg   >&5
configure:2732: $? = 0
configure:2750: result: yes
configure:2758: checking for fftw_plan_dft in -lfftw3
configure:2793: gcc -std=gnu99 -o conftest -g -O2   conftest.c -lfftw3   >&5
configure:2799: $? = 0
configure:2817: result: yes
configure:2833: checking how to run the C preprocessor
configure:2873: gcc -std=gnu99 -E  conftest.c
configure:2879: $? = 0
configure:2910: gcc -std=gnu99 -E  conftest.c
conftest.c:8:28: fatal error: ac_nonexistent.h: No such file or directory
compilation terminated.
configure:2916: $? = 1
configure: failed program was:
| /* confdefs.h.  */
| #define PACKAGE_NAME "biOps"
| #define PACKAGE_TARNAME "biops"
| #define PACKAGE_VERSION "0.2"
| #define PACKAGE_STRING "biOps 0.2"
| #define PACKAGE_BUGREPORT "mbordese@gmail.com"
| /* end confdefs.h.  */
| #include <ac_nonexistent.h>
configure:2949: result: gcc -std=gnu99 -E
configure:2978: gcc -std=gnu99 -E  conftest.c
configure:2984: $? = 0
configure:3015: gcc -std=gnu99 -E  conftest.c
conftest.c:8:28: fatal error: ac_nonexistent.h: No such file or directory
compilation terminated.
configure:3021: $? = 1
configure: failed program was:
| /* confdefs.h.  */
| #define PACKAGE_NAME "biOps"
| #define PACKAGE_TARNAME "biops"
| #define PACKAGE_VERSION "0.2"
| #define PACKAGE_STRING "biOps 0.2"
| #define PACKAGE_BUGREPORT "mbordese@gmail.com"
| /* end confdefs.h.  */
| #include <ac_nonexistent.h>
configure:3059: checking for grep that handles long lines and -e
configure:3133: result: /bin/grep
configure:3138: checking for egrep
configure:3216: result: /bin/grep -E
configure:3221: checking for ANSI C header files
configure:3251: gcc -std=gnu99 -c -g -O2  conftest.c >&5
configure:3257: $? = 0
configure:3356: gcc -std=gnu99 -o conftest -g -O2   conftest.c  >&5
configure:3359: $? = 0
configure:3365: ./conftest
configure:3368: $? = 0
configure:3385: result: yes
configure:3410: checking for sys/types.h
configure:3431: gcc -std=gnu99 -c -g -O2  conftest.c >&5
configure:3437: $? = 0
configure:3453: result: yes
configure:3410: checking for sys/stat.h
configure:3431: gcc -std=gnu99 -c -g -O2  conftest.c >&5
configure:3437: $? = 0
configure:3453: result: yes
configure:3410: checking for stdlib.h
configure:3431: gcc -std=gnu99 -c -g -O2  conftest.c >&5
configure:3437: $? = 0
configure:3453: result: yes
configure:3410: checking for string.h
configure:3431: gcc -std=gnu99 -c -g -O2  conftest.c >&5
configure:3437: $? = 0
configure:3453: result: yes
configure:3410: checking for memory.h
configure:3431: gcc -std=gnu99 -c -g -O2  conftest.c >&5
configure:3437: $? = 0
configure:3453: result: yes
configure:3410: checking for strings.h
configure:3431: gcc -std=gnu99 -c -g -O2  conftest.c >&5
configure:3437: $? = 0
configure:3453: result: yes
configure:3410: checking for inttypes.h
configure:3431: gcc -std=gnu99 -c -g -O2  conftest.c >&5
configure:3437: $? = 0
configure:3453: result: yes
configure:3410: checking for stdint.h
configure:3431: gcc -std=gnu99 -c -g -O2  conftest.c >&5
configure:3437: $? = 0
configure:3453: result: yes
configure:3410: checking for unistd.h
configure:3431: gcc -std=gnu99 -c -g -O2  conftest.c >&5
configure:3437: $? = 0
configure:3453: result: yes
configure:3480: checking fftw3.h usability
configure:3497: gcc -std=gnu99 -c -g -O2  conftest.c >&5
configure:3503: $? = 0
configure:3517: result: yes
configure:3521: checking fftw3.h presence
configure:3536: gcc -std=gnu99 -E  conftest.c
configure:3542: $? = 0
configure:3556: result: yes
configure:3589: checking for fftw3.h
configure:3597: result: yes
configure:3629: checking jpeglib.h usability
configure:3646: gcc -std=gnu99 -c -g -O2  conftest.c >&5
configure:3652: $? = 0
configure:3666: result: yes
configure:3670: checking jpeglib.h presence
configure:3685: gcc -std=gnu99 -E  conftest.c
configure:3691: $? = 0
configure:3705: result: yes
configure:3738: checking for jpeglib.h
configure:3746: result: yes
configure:3778: checking tiff.h usability
configure:3795: gcc -std=gnu99 -c -g -O2  conftest.c >&5
configure:3801: $? = 0
configure:3815: result: yes
configure:3819: checking tiff.h presence
configure:3834: gcc -std=gnu99 -E  conftest.c
configure:3840: $? = 0
configure:3854: result: yes
configure:3887: checking for tiff.h
configure:3895: result: yes
configure:4026: creating ./config.status

## ---------------------- ##
## Running config.status. ##
## ---------------------- ##

This file was extended by biOps config.status 0.2, which was
generated by GNU Autoconf 2.61.  Invocation command line was

  CONFIG_FILES    = 
  CONFIG_HEADERS  = 
  CONFIG_LINKS    = 
  CONFIG_COMMANDS = 
  $ ./config.status 

on VM-167-147-ubuntu

config.status:599: creating src/Makevars
config.status:599: creating R/fft_filters.R
config.status:599: creating R/fft_funcs.R
config.status:599: creating R/tiff.R
config.status:599: creating R/jpeg.R
config.status:599: creating src/config.h

## ---------------- ##
## Cache variables. ##
## ---------------- ##

ac_cv_c_compiler_gnu=yes
ac_cv_env_CC_set=
ac_cv_env_CC_value=
ac_cv_env_CFLAGS_set=
ac_cv_env_CFLAGS_value=
ac_cv_env_CPPFLAGS_set=
ac_cv_env_CPPFLAGS_value=
ac_cv_env_CPP_set=
ac_cv_env_CPP_value=
ac_cv_env_LDFLAGS_set=
ac_cv_env_LDFLAGS_value=
ac_cv_env_LIBS_set=
ac_cv_env_LIBS_value=
ac_cv_env_build_alias_set=
ac_cv_env_build_alias_value=
ac_cv_env_host_alias_set=
ac_cv_env_host_alias_value=
ac_cv_env_target_alias_set=
ac_cv_env_target_alias_value=
ac_cv_header_fftw3_h=yes
ac_cv_header_inttypes_h=yes
ac_cv_header_jpeglib_h=yes
ac_cv_header_memory_h=yes
ac_cv_header_stdc=yes
ac_cv_header_stdint_h=yes
ac_cv_header_stdlib_h=yes
ac_cv_header_string_h=yes
ac_cv_header_strings_h=yes
ac_cv_header_sys_stat_h=yes
ac_cv_header_sys_types_h=yes
ac_cv_header_tiff_h=yes
ac_cv_header_unistd_h=yes
ac_cv_lib_fftw3_fftw_plan_dft=yes
ac_cv_lib_jpeg_jpeg_destroy_compress=yes
ac_cv_lib_tiff_TIFFOpen=yes
ac_cv_objext=o
ac_cv_path_EGREP='/bin/grep -E'
ac_cv_path_GREP=/bin/grep
ac_cv_prog_CPP='gcc -std=gnu99 -E'
ac_cv_prog_ac_ct_CC='gcc -std=gnu99'
ac_cv_prog_cc_c89=
ac_cv_prog_cc_g=yes

## ----------------- ##
## Output variables. ##
## ----------------- ##

CC='gcc -std=gnu99'
CFLAGS='-g -O2'
CPP='gcc -std=gnu99 -E'
CPPFLAGS=''
DEFS='-DHAVE_CONFIG_H'
ECHO_C=''
ECHO_N='-n'
ECHO_T=''
EGREP='/bin/grep -E'
EXEEXT=''
GREP='/bin/grep'
HAVE_FFTW_H='TRUE'
HAVE_JPEG_H='TRUE'
HAVE_TIFF_H='TRUE'
LDFLAGS=''
LIBOBJS=''
LIBS=''
LTLIBOBJS=''
OBJEXT='o'
PACKAGE_BUGREPORT='mbordese@gmail.com'
PACKAGE_NAME='biOps'
PACKAGE_STRING='biOps 0.2'
PACKAGE_TARNAME='biops'
PACKAGE_VERSION='0.2'
PATH_SEPARATOR=':'
PKG_LIBS='-lm -ltiff -ljpeg -lfftw3'
SHELL='/bin/bash'
ac_ct_CC='gcc -std=gnu99'
bindir='${exec_prefix}/bin'
build_alias=''
datadir='${datarootdir}'
datarootdir='${prefix}/share'
docdir='${datarootdir}/doc/${PACKAGE_TARNAME}'
dvidir='${docdir}'
exec_prefix='${prefix}'
host_alias=''
htmldir='${docdir}'
includedir='${prefix}/include'
infodir='${datarootdir}/info'
libdir='${exec_prefix}/lib'
libexecdir='${exec_prefix}/libexec'
localedir='${datarootdir}/locale'
localstatedir='${prefix}/var'
mandir='${datarootdir}/man'
oldincludedir='/usr/include'
pdfdir='${docdir}'
prefix='/usr/local'
program_transform_name='s,x,x,'
psdir='${docdir}'
sbindir='${exec_prefix}/sbin'
sharedstatedir='${prefix}/com'
sysconfdir='${prefix}/etc'
target_alias=''

## ----------- ##
## confdefs.h. ##
## ----------- ##

#define PACKAGE_NAME "biOps"
#define PACKAGE_TARNAME "biops"
#define PACKAGE_VERSION "0.2"
#define PACKAGE_STRING "biOps 0.2"
#define PACKAGE_BUGREPORT "mbordese@gmail.com"
#define STDC_HEADERS 1
#define HAVE_SYS_TYPES_H 1
#define HAVE_SYS_STAT_H 1
#define HAVE_STDLIB_H 1
#define HAVE_STRING_H 1
#define HAVE_MEMORY_H 1
#define HAVE_STRINGS_H 1
#define HAVE_INTTYPES_H 1
#define HAVE_STDINT_H 1
#define HAVE_UNISTD_H 1
#define HAVE_FFTW3_H 1
#define HAVE_JPEGLIB_H 1
#define HAVE_TIFF_H 1

configure: exit 0
